android/app/build/intermediates/manifest_merge_blame_file/release/manifest-merger-blame-release-report.txt
1<?xml version="1.0" encoding="utf-8"?>
2<manifest xmlns:android="http://schemas.android.com/apk/res/android"
3    package="com.chemadev.sunoplay"
4    android:versionCode="10"
5    android:versionName="3.2.0" >
6
7    <uses-sdk
8        android:minSdkVersion="23"
9        android:targetSdkVersion="34" />
10
11    <uses-permission android:name="android.permission.INTERNET" />
11-->src/main/AndroidManifest.xml:4:5-67
11-->src/main/AndroidManifest.xml:4:22-64
12    <uses-permission android:name="android.permission.FOREGROUND_SERVICE" />
12-->src/main/AndroidManifest.xml:5:5-77
12-->src/main/AndroidManifest.xml:5:22-74
13    <uses-permission android:name="android.permission.FOREGROUND_SERVICE_MEDIA_PLAYBACK" />
13-->src/main/AndroidManifest.xml:6:5-92
13-->src/main/AndroidManifest.xml:6:22-89
14    <uses-permission android:name="android.permission.WAKE_LOCK" />
14-->src/main/AndroidManifest.xml:7:5-68
14-->src/main/AndroidManifest.xml:7:22-65
15    <uses-permission android:name="android.permission.POST_NOTIFICATIONS" />
15-->src/main/AndroidManifest.xml:8:5-77
15-->src/main/AndroidManifest.xml:8:22-74
16
17    <permission
17-->[androidx.core:core:1.9.0] AndroidManifest.xml:22:5-24:47
18        android:name="com.chemadev.sunoplay.DYNAMIC_RECEIVER_NOT_EXPORTED_PERMISSION"
18-->[androidx.core:core:1.9.0] AndroidManifest.xml:23:9-81
19        android:protectionLevel="signature" />
19-->[androidx.core:core:1.9.0] AndroidManifest.xml:24:9-44
20
21    <uses-permission android:name="com.chemadev.sunoplay.DYNAMIC_RECEIVER_NOT_EXPORTED_PERMISSION" />
21-->[androidx.core:core:1.9.0] AndroidManifest.xml:26:5-97
21-->[androidx.core:core:1.9.0] AndroidManifest.xml:26:22-94
22
23    <application
23-->src/main/AndroidManifest.xml:10:5-63:19
24        android:allowBackup="true"
24-->src/main/AndroidManifest.xml:11:9-35
25        android:appComponentFactory="androidx.core.app.CoreComponentFactory"
25-->[androidx.core:core:1.9.0] AndroidManifest.xml:28:18-86
26        android:extractNativeLibs="false"
27        android:icon="@mipmap/ic_launcher"
27-->src/main/AndroidManifest.xml:12:9-43
28        android:label="@string/app_name"
28-->src/main/AndroidManifest.xml:13:9-41
29        android:theme="@style/AppTheme"
29-->src/main/AndroidManifest.xml:14:9-40
30        android:usesCleartextTraffic="false" >
30-->src/main/AndroidManifest.xml:15:9-45
31
32        <!-- Main Activity: Native UI -->
33        <activity
33-->src/main/AndroidManifest.xml:18:9-46:20
34            android:name="com.chemadev.sunoplay.MainActivity"
34-->src/main/AndroidManifest.xml:19:13-41
35            android:configChanges="orientation|screenSize"
35-->src/main/AndroidManifest.xml:21:13-59
36            android:exported="true"
36-->src/main/AndroidManifest.xml:20:13-36
37            android:launchMode="singleTask" >
37-->src/main/AndroidManifest.xml:22:13-44
38            <intent-filter>
38-->src/main/AndroidManifest.xml:23:13-26:29
39                <action android:name="android.intent.action.MAIN" />
39-->src/main/AndroidManifest.xml:24:17-69
39-->src/main/AndroidManifest.xml:24:25-66
40
41                <category android:name="android.intent.category.LAUNCHER" />
41-->src/main/AndroidManifest.xml:25:17-77
41-->src/main/AndroidManifest.xml:25:27-74
42            </intent-filter>
43            <!-- Handle auth callback from system browser -->
44            <intent-filter>
44-->src/main/AndroidManifest.xml:28:13-33:29
45                <action android:name="android.intent.action.VIEW" />
45-->src/main/AndroidManifest.xml:29:17-69
45-->src/main/AndroidManifest.xml:29:25-66
46
47                <category android:name="android.intent.category.DEFAULT" />
47-->src/main/AndroidManifest.xml:30:17-76
47-->src/main/AndroidManifest.xml:30:27-73
48                <category android:name="android.intent.category.BROWSABLE" />
48-->src/main/AndroidManifest.xml:31:17-78
48-->src/main/AndroidManifest.xml:31:27-75
49
50                <data
50-->src/main/AndroidManifest.xml:32:17-71
51                    android:host="auth"
51-->src/main/AndroidManifest.xml:32:49-68
52                    android:scheme="sunoplay" />
52-->src/main/AndroidManifest.xml:32:23-48
53            </intent-filter>
54            <!-- Receive shared audio files -->
55            <intent-filter>
55-->src/main/AndroidManifest.xml:35:13-39:29
56                <action android:name="android.intent.action.SEND" />
56-->src/main/AndroidManifest.xml:36:17-69
56-->src/main/AndroidManifest.xml:36:25-66
57
58                <category android:name="android.intent.category.DEFAULT" />
58-->src/main/AndroidManifest.xml:30:17-76
58-->src/main/AndroidManifest.xml:30:27-73
59
60                <data android:mimeType="audio/*" />
60-->src/main/AndroidManifest.xml:32:17-71
60-->src/main/AndroidManifest.xml:38:23-49
61            </intent-filter>
62            <!-- Receive shared text (YouTube links, etc) -->
63            <intent-filter>
63-->src/main/AndroidManifest.xml:41:13-45:29
64                <action android:name="android.intent.action.SEND" />
64-->src/main/AndroidManifest.xml:36:17-69
64-->src/main/AndroidManifest.xml:36:25-66
65
66                <category android:name="android.intent.category.DEFAULT" />
66-->src/main/AndroidManifest.xml:30:17-76
66-->src/main/AndroidManifest.xml:30:27-73
67
68                <data android:mimeType="text/plain" />
68-->src/main/AndroidManifest.xml:32:17-71
68-->src/main/AndroidManifest.xml:38:23-49
69            </intent-filter>
70        </activity>
71
72        <!-- Music Service for Android Auto + Notification -->
73        <service
73-->src/main/AndroidManifest.xml:49:9-56:19
74            android:name="com.chemadev.sunoplay.MusicService"
74-->src/main/AndroidManifest.xml:50:13-41
75            android:exported="true"
75-->src/main/AndroidManifest.xml:51:13-36
76            android:foregroundServiceType="mediaPlayback" >
76-->src/main/AndroidManifest.xml:52:13-58
77            <intent-filter>
77-->src/main/AndroidManifest.xml:53:13-55:29
78                <action android:name="android.media.browse.MediaBrowserService" />
78-->src/main/AndroidManifest.xml:54:17-83
78-->src/main/AndroidManifest.xml:54:25-80
79            </intent-filter>
80        </service>
81
82        <!-- Android Auto declaration -->
83        <meta-data
83-->src/main/AndroidManifest.xml:59:9-61:59
84            android:name="com.google.android.gms.car.application"
84-->src/main/AndroidManifest.xml:60:13-66
85            android:resource="@xml/automotive_app_desc" />
85-->src/main/AndroidManifest.xml:61:13-56
86
87        <provider
87-->[androidx.emoji2:emoji2:1.2.0] AndroidManifest.xml:24:9-32:20
88            android:name="androidx.startup.InitializationProvider"
88-->[androidx.emoji2:emoji2:1.2.0] AndroidManifest.xml:25:13-67
89            android:authorities="com.chemadev.sunoplay.androidx-startup"
89-->[androidx.emoji2:emoji2:1.2.0] AndroidManifest.xml:26:13-68
90            android:exported="false" >
90-->[androidx.emoji2:emoji2:1.2.0] AndroidManifest.xml:27:13-37
91            <meta-data
91-->[androidx.emoji2:emoji2:1.2.0] AndroidManifest.xml:29:13-31:52
92                android:name="androidx.emoji2.text.EmojiCompatInitializer"
92-->[androidx.emoji2:emoji2:1.2.0] AndroidManifest.xml:30:17-75
93                android:value="androidx.startup" />
93-->[androidx.emoji2:emoji2:1.2.0] AndroidManifest.xml:31:17-49
94            <meta-data
94-->[androidx.lifecycle:lifecycle-process:2.4.1] AndroidManifest.xml:31:13-33:52
95                android:name="androidx.lifecycle.ProcessLifecycleInitializer"
95-->[androidx.lifecycle:lifecycle-process:2.4.1] AndroidManifest.xml:32:17-78
96                android:value="androidx.startup" />
96-->[androidx.lifecycle:lifecycle-process:2.4.1] AndroidManifest.xml:33:17-49
97        </provider>
98    </application>
99
100</manifest>